2022-10-30 22:53:43 sco-xty D Wrong answer
2022-10-30 22:47:25 sco-xty D Accepted
2022-10-30 22:46:13 sco-xty D Wrong answer
2022-10-30 22:00:59 sco-xty D Wrong answer
2022-10-30 22:00:22 sco-xty D Wrong answer
2022-10-30 22:00:07 sco-xty D Wrong answer
2022-10-30 20:53:00 重生之从大二开始入坑算法 E Accepted
2022-10-30 20:52:42 重生之从大二开始入坑算法 E Wrong answer
2022-10-30 20:51:44 重生之从大二开始入坑算法 E Accepted
2022-10-30 20:51:23 重生之从大二开始入坑算法 E Wrong answer
2022-10-30 20:50:49 重生之从大二开始入坑算法 E Wrong answer
2022-10-30 20:50:08 重生之从大二开始入坑算法 E Accepted
2022-10-30 13:50:19 LiCooer D Accepted
2022-10-30 13:26:02 李浩东20223117 A Accepted
2022-10-30 13:25:51 李浩东20223117 A Wrong answer
2022-10-30 13:16:59 李浩东20223117 C Accepted
2022-10-30 13:08:07 李浩东20223117 B Accepted
2022-10-30 13:00:02 李浩东20223117 A Accepted
2022-10-30 12:59:47 李浩东20223117 A Wrong answer
2022-10-30 12:59:06 李浩东20223117 A Accepted
2022-11-01 10:25:07 摆烂老小子 D Accepted
2022-11-01 10:24:48 摆烂老小子 D Accepted
2022-11-01 09:49:46 NoonMaple D Accepted
2022-11-01 09:49:23 NoonMaple D Wrong answer
2022-11-01 09:49:05 NoonMaple D Wrong answer
2022-11-01 08:59:11 gsw1 C Accepted
2022-11-01 08:56:57 gsw1 B Accepted
2022-11-01 08:53:36 gsw1 A Accepted
2022-11-01 07:44:40 摆烂老小子 D Accepted
2022-10-31 23:03:12 摆烂老小子 D Accepted
2022-10-31 23:03:02 摆烂老小子 D Wrong answer
2022-10-31 21:46:00 biscuit.. A Accepted
2022-10-31 20:17:21 在午休的菜鸡很内向 B Accepted
2022-10-31 20:13:56 在午休的菜鸡很内向 B Wrong answer
2022-10-31 17:18:06 摆烂老小子 D Accepted
2022-10-31 17:13:58 摆烂老小子 D Accepted
2022-10-31 16:08:16 牛客313758497号 C Accepted
2022-10-31 15:57:10 牛客313758497号 A Accepted
2022-10-31 14:51:21 Kafu E Wrong answer
2022-10-30 22:59:32 sco-xty D Accepted
2022-11-02 14:35:51 Kidding_Ma F Accepted
2022-11-02 14:34:37 Kidding_Ma F Accepted
2022-11-02 11:26:55 牛客694081956号 B Accepted
2022-11-02 11:22:23 牛客694081956号 A Accepted
2022-11-01 20:39:02 咩咩咩a C Accepted
2022-11-01 20:34:09 咩咩咩a B Accepted
2022-11-01 20:32:20 咩咩咩a A Accepted
2022-11-01 17:46:08 鼎魂 D Accepted
2022-11-01 16:32:29 21信三曹永康 E Accepted
2022-11-01 16:31:40 21信三曹永康 E Accepted
2022-11-01 16:30:27 21信三曹永康 E Wrong answer
2022-11-01 16:27:14 21信三曹永康 E Wrong answer
2022-11-01 16:25:26 21信三曹永康 E Wrong answer
2022-11-01 14:37:21 Kidding_Ma F Accepted
2022-11-01 14:34:07 Kidding_Ma F Accepted
2022-11-01 14:32:16 Kidding_Ma F Wrong answer
2022-11-01 13:03:41 TYUT_20_李沛霖 A Accepted
2022-11-01 11:02:17 摆烂老小子 B Accepted
2022-11-01 11:01:41 摆烂老小子 A Accepted
2022-11-01 11:01:02 摆烂老小子 C Accepted
2022-11-03 19:04:56 Ayouzi A Accepted
2022-11-02 21:24:47 登瀛战神 B Accepted
2022-11-02 21:22:57 登瀛战神 A Accepted
2022-11-02 21:22:32 登瀛战神 A Wrong answer
2022-11-02 19:57:12 山西工商学院_牛梦飞 C Accepted
2022-11-02 19:54:47 山西工商学院_牛梦飞 A Accepted
2022-11-02 19:54:38 山西工商学院_牛梦飞 A Accepted
2022-11-02 19:26:16 山西工商学院_牛梦飞 B Accepted
2022-11-02 19:24:47 山西工商学院_牛梦飞 A Accepted
2022-11-02 16:42:59 lyt180 D Accepted
2022-11-02 16:29:49 lyt180 E Accepted
2022-11-02 16:29:23 lyt180 E Wrong answer
2022-11-02 16:21:01 lyt180 E Wrong answer
2022-11-02 16:20:26 lyt180 E Wrong answer
2022-11-02 16:17:35 lyt180 E Wrong answer
2022-11-02 16:15:41 lyt180 E Wrong answer
2022-11-02 14:50:34 explorerrr C Accepted
2022-11-02 14:49:26 explorerrr B Accepted
2022-11-02 14:48:33 explorerrr A Accepted
2022-11-02 14:48:16 explorerrr A Wrong answer
